<?xml version="1.0" encoding="UTF-8"?>
<testsuite errors="0" failures="0" file="scan_utils_tests.py" name="scan_utils_tests.TestCheckOpenPort-20201201102939" skipped="0" tests="2" time="0.542" timestamp="2020-12-01T10:29:39">
	<testcase classname="scan_utils_tests.TestCheckOpenPort" name="test_check_closed_port" time="0.276" timestamp="2020-12-01T10:29:39"/>
	<testcase classname="scan_utils_tests.TestCheckOpenPort" name="test_check_open_port" time="0.266" timestamp="2020-12-01T10:29:39"/>
</testsuite>
