<?xml version="1.0" encoding="UTF-8"?>
<testsuite errors="0" failures="0" file="scan_utils_tests.py" name="scan_utils_tests.TestHandleScanConnection-20201201121324" skipped="0" tests="5" time="6.732" timestamp="2020-12-01T12:13:32">
	<testcase classname="scan_utils_tests.TestHandleScanConnection" name="test_scan_many_closed_ports" time="1.883" timestamp="2020-12-01T12:13:27"/>
	<testcase classname="scan_utils_tests.TestHandleScanConnection" name="test_scan_many_open_ports" time="1.229" timestamp="2020-12-01T12:13:28"/>
	<testcase classname="scan_utils_tests.TestHandleScanConnection" name="test_scan_one_closed_port" time="0.893" timestamp="2020-12-01T12:13:29"/>
	<testcase classname="scan_utils_tests.TestHandleScanConnection" name="test_scan_one_open_port" time="0.911" timestamp="2020-12-01T12:13:30"/>
	<testcase classname="scan_utils_tests.TestHandleScanConnection" name="test_scan_some_open_ports" time="1.816" timestamp="2020-12-01T12:13:32"/>
</testsuite>
