<?xml version="1.0" encoding="UTF-8"?>
<testsuite errors="0" failures="0" file="scan_utils_tests.py" name="scan_utils_tests.TestScanUtils-20201201112333" skipped="0" tests="5" time="5.682" timestamp="2020-12-01T11:23:40">
	<testcase classname="scan_utils_tests.TestScanUtils" name="test_scan_many_ports_all_closed" time="1.542" timestamp="2020-12-01T11:23:36"/>
	<testcase classname="scan_utils_tests.TestScanUtils" name="test_scan_many_ports_all_open" time="1.030" timestamp="2020-12-01T11:23:37"/>
	<testcase classname="scan_utils_tests.TestScanUtils" name="test_scan_many_ports_some_open" time="1.542" timestamp="2020-12-01T11:23:38"/>
	<testcase classname="scan_utils_tests.TestScanUtils" name="test_scan_one_port_all_closed" time="0.786" timestamp="2020-12-01T11:23:39"/>
	<testcase classname="scan_utils_tests.TestScanUtils" name="test_scan_one_port_all_open" time="0.783" timestamp="2020-12-01T11:23:40"/>
</testsuite>
