<?xml version="1.0" encoding="UTF-8"?>
<testsuite errors="0" failures="0" file="scan_utils_tests.py" name="scan_utils_tests.TestScanUtils-20201201103057" skipped="0" tests="5" time="5.702" timestamp="2020-12-01T10:31:03">
	<testcase classname="scan_utils_tests.TestScanUtils" name="test_scan_many_ports_all_closed" time="1.571" timestamp="2020-12-01T10:30:59"/>
	<testcase classname="scan_utils_tests.TestScanUtils" name="test_scan_many_ports_all_open" time="1.054" timestamp="2020-12-01T10:31:00"/>
	<testcase classname="scan_utils_tests.TestScanUtils" name="test_scan_many_ports_some_open" time="1.509" timestamp="2020-12-01T10:31:02"/>
	<testcase classname="scan_utils_tests.TestScanUtils" name="test_scan_one_port_all_closed" time="0.784" timestamp="2020-12-01T10:31:03"/>
	<testcase classname="scan_utils_tests.TestScanUtils" name="test_scan_one_port_all_open" time="0.784" timestamp="2020-12-01T10:31:03"/>
</testsuite>
