<?xml version="1.0" encoding="UTF-8"?>
<testsuite errors="0" failures="0" file="scan_utils_tests.py" name="scan_utils_tests.TestScanUtils-20201201114709" skipped="0" tests="5" time="6.070" timestamp="2020-12-01T11:47:23">
	<testcase classname="scan_utils_tests.TestScanUtils" name="test_scan_many_ports_all_closed" time="1.637" timestamp="2020-12-01T11:47:18"/>
	<testcase classname="scan_utils_tests.TestScanUtils" name="test_scan_many_ports_all_open" time="1.115" timestamp="2020-12-01T11:47:19"/>
	<testcase classname="scan_utils_tests.TestScanUtils" name="test_scan_many_ports_some_open" time="1.662" timestamp="2020-12-01T11:47:21"/>
	<testcase classname="scan_utils_tests.TestScanUtils" name="test_scan_one_port_all_closed" time="0.829" timestamp="2020-12-01T11:47:22"/>
	<testcase classname="scan_utils_tests.TestScanUtils" name="test_scan_one_port_all_open" time="0.827" timestamp="2020-12-01T11:47:23"/>
</testsuite>
