<?xml version="1.0" encoding="UTF-8"?>
<testsuite errors="0" failures="0" file="scan_utils_tests.py" name="scan_utils_tests.TestScanUtils-20201201115116" skipped="0" tests="5" time="6.680" timestamp="2020-12-01T11:51:30">
	<testcase classname="scan_utils_tests.TestScanUtils" name="test_scan_many_ports_all_closed" time="1.793" timestamp="2020-12-01T11:51:25"/>
	<testcase classname="scan_utils_tests.TestScanUtils" name="test_scan_many_ports_all_open" time="1.107" timestamp="2020-12-01T11:51:26"/>
	<testcase classname="scan_utils_tests.TestScanUtils" name="test_scan_many_ports_some_open" time="1.999" timestamp="2020-12-01T11:51:28"/>
	<testcase classname="scan_utils_tests.TestScanUtils" name="test_scan_one_port_all_closed" time="0.960" timestamp="2020-12-01T11:51:29"/>
	<testcase classname="scan_utils_tests.TestScanUtils" name="test_scan_one_port_all_open" time="0.821" timestamp="2020-12-01T11:51:30"/>
</testsuite>
