<?xml version="1.0" encoding="UTF-8"?>
<testsuite errors="0" failures="0" file="scan_utils_tests.py" name="scan_utils_tests.TestScanUtils-20201201094856" skipped="0" tests="5" time="6.187" timestamp="2020-12-01T09:49:03">
	<testcase classname="scan_utils_tests.TestScanUtils" name="test_scan_many_ports_all_closed" time="1.518" timestamp="2020-12-01T09:48:58"/>
	<testcase classname="scan_utils_tests.TestScanUtils" name="test_scan_many_ports_all_open" time="1.002" timestamp="2020-12-01T09:48:59"/>
	<testcase classname="scan_utils_tests.TestScanUtils" name="test_scan_many_ports_some_open" time="2.036" timestamp="2020-12-01T09:49:01"/>
	<testcase classname="scan_utils_tests.TestScanUtils" name="test_scan_one_port_all_closed" time="0.817" timestamp="2020-12-01T09:49:02"/>
	<testcase classname="scan_utils_tests.TestScanUtils" name="test_scan_one_port_all_open" time="0.814" timestamp="2020-12-01T09:49:03"/>
</testsuite>
