<?xml version="1.0" encoding="UTF-8"?>
<testsuite errors="0" failures="0" file="scan_utils_tests.py" name="scan_utils_tests.TestScanUtils-20201201123514" skipped="0" tests="5" time="6.443" timestamp="2020-12-01T12:35:22">
	<testcase classname="scan_utils_tests.TestScanUtils" name="test_scan_many_ports_all_closed" time="1.784" timestamp="2020-12-01T12:35:17"/>
	<testcase classname="scan_utils_tests.TestScanUtils" name="test_scan_many_ports_all_open" time="1.189" timestamp="2020-12-01T12:35:18"/>
	<testcase classname="scan_utils_tests.TestScanUtils" name="test_scan_many_ports_some_open" time="1.739" timestamp="2020-12-01T12:35:20"/>
	<testcase classname="scan_utils_tests.TestScanUtils" name="test_scan_one_port_all_closed" time="0.850" timestamp="2020-12-01T12:35:21"/>
	<testcase classname="scan_utils_tests.TestScanUtils" name="test_scan_one_port_all_open" time="0.880" timestamp="2020-12-01T12:35:22"/>
</testsuite>
