<?xml version="1.0" encoding="UTF-8"?>
<testsuite errors="0" failures="0" file="scan_utils_tests.py" name="scan_utils_tests.TestScanUtils-20201201123813" skipped="0" tests="5" time="6.132" timestamp="2020-12-01T12:38:20">
	<testcase classname="scan_utils_tests.TestScanUtils" name="test_scan_many_ports_all_closed" time="1.527" timestamp="2020-12-01T12:38:15"/>
	<testcase classname="scan_utils_tests.TestScanUtils" name="test_scan_many_ports_all_open" time="1.012" timestamp="2020-12-01T12:38:16"/>
	<testcase classname="scan_utils_tests.TestScanUtils" name="test_scan_many_ports_some_open" time="1.771" timestamp="2020-12-01T12:38:18"/>
	<testcase classname="scan_utils_tests.TestScanUtils" name="test_scan_one_port_all_closed" time="0.883" timestamp="2020-12-01T12:38:19"/>
	<testcase classname="scan_utils_tests.TestScanUtils" name="test_scan_one_port_all_open" time="0.939" timestamp="2020-12-01T12:38:20"/>
</testsuite>
