<?xml version="1.0" encoding="UTF-8"?>
<testsuite errors="0" failures="0" file="scan_utils_tests.py" name="scan_utils_tests.TestScanUtils-20201201113106" skipped="0" tests="5" time="6.777" timestamp="2020-12-01T11:31:14">
	<testcase classname="scan_utils_tests.TestScanUtils" name="test_scan_many_ports_all_closed" time="1.881" timestamp="2020-12-01T11:31:09"/>
	<testcase classname="scan_utils_tests.TestScanUtils" name="test_scan_many_ports_all_open" time="1.255" timestamp="2020-12-01T11:31:10"/>
	<testcase classname="scan_utils_tests.TestScanUtils" name="test_scan_many_ports_some_open" time="1.838" timestamp="2020-12-01T11:31:12"/>
	<testcase classname="scan_utils_tests.TestScanUtils" name="test_scan_one_port_all_closed" time="0.885" timestamp="2020-12-01T11:31:13"/>
	<testcase classname="scan_utils_tests.TestScanUtils" name="test_scan_one_port_all_open" time="0.917" timestamp="2020-12-01T11:31:14"/>
</testsuite>
