<?xml version="1.0" encoding="UTF-8"?>
<testsuite errors="0" failures="0" file="scan_utils_tests.py" name="scan_utils_tests.TestScanUtils-20201201100945" skipped="0" tests="5" time="6.032" timestamp="2020-12-01T10:09:52">
	<testcase classname="scan_utils_tests.TestScanUtils" name="test_scan_many_ports_all_closed" time="1.800" timestamp="2020-12-01T10:09:47"/>
	<testcase classname="scan_utils_tests.TestScanUtils" name="test_scan_many_ports_all_open" time="1.122" timestamp="2020-12-01T10:09:48"/>
	<testcase classname="scan_utils_tests.TestScanUtils" name="test_scan_many_ports_some_open" time="1.536" timestamp="2020-12-01T10:09:50"/>
	<testcase classname="scan_utils_tests.TestScanUtils" name="test_scan_one_port_all_closed" time="0.781" timestamp="2020-12-01T10:09:51"/>
	<testcase classname="scan_utils_tests.TestScanUtils" name="test_scan_one_port_all_open" time="0.793" timestamp="2020-12-01T10:09:52"/>
</testsuite>
