<?xml version="1.0" encoding="UTF-8"?>
<testsuite errors="0" failures="0" file="scan_utils_tests.py" name="scan_utils_tests.TestScanUtils-20201201123155" skipped="0" tests="5" time="6.525" timestamp="2020-12-01T12:32:03">
	<testcase classname="scan_utils_tests.TestScanUtils" name="test_scan_many_ports_all_closed" time="1.751" timestamp="2020-12-01T12:31:58"/>
	<testcase classname="scan_utils_tests.TestScanUtils" name="test_scan_many_ports_all_open" time="1.208" timestamp="2020-12-01T12:31:59"/>
	<testcase classname="scan_utils_tests.TestScanUtils" name="test_scan_many_ports_some_open" time="1.818" timestamp="2020-12-01T12:32:01"/>
	<testcase classname="scan_utils_tests.TestScanUtils" name="test_scan_one_port_all_closed" time="0.881" timestamp="2020-12-01T12:32:02"/>
	<testcase classname="scan_utils_tests.TestScanUtils" name="test_scan_one_port_all_open" time="0.867" timestamp="2020-12-01T12:32:03"/>
</testsuite>
