<?xml version="1.0" encoding="UTF-8"?>
<testsuite errors="0" failures="0" file="scan_utils_tests.py" name="scan_utils_tests.TestCheckOpenPort-20201201095004" skipped="0" tests="2" time="0.542" timestamp="2020-12-01T09:50:05">
	<testcase classname="scan_utils_tests.TestCheckOpenPort" name="test_check_closed_port" time="0.277" timestamp="2020-12-01T09:50:04"/>
	<testcase classname="scan_utils_tests.TestCheckOpenPort" name="test_check_open_port" time="0.264" timestamp="2020-12-01T09:50:05"/>
</testsuite>
