<?xml version="1.0" encoding="UTF-8"?>
<testsuite errors="0" failures="0" file="scan_utils_tests.py" name="scan_utils_tests.TestScanUtils-20201130181851" skipped="0" tests="2" time="1.649" timestamp="2020-11-30T18:18:53">
	<testcase classname="scan_utils_tests.TestScanUtils" name="test_scan_one_port_all_closed" time="0.837" timestamp="2020-11-30T18:18:52"/>
	<testcase classname="scan_utils_tests.TestScanUtils" name="test_scan_one_port_all_open" time="0.813" timestamp="2020-11-30T18:18:53"/>
</testsuite>
