<?xml version="1.0" encoding="UTF-8"?>
<testsuite errors="0" failures="0" file="scan_utils_tests.py" name="scan_utils_tests.TestScanUtils-20201201124049" skipped="0" tests="5" time="6.233" timestamp="2020-12-01T12:40:57">
	<testcase classname="scan_utils_tests.TestScanUtils" name="test_scan_many_ports_all_closed" time="1.768" timestamp="2020-12-01T12:40:52"/>
	<testcase classname="scan_utils_tests.TestScanUtils" name="test_scan_many_ports_all_open" time="1.136" timestamp="2020-12-01T12:40:53"/>
	<testcase classname="scan_utils_tests.TestScanUtils" name="test_scan_many_ports_some_open" time="1.678" timestamp="2020-12-01T12:40:55"/>
	<testcase classname="scan_utils_tests.TestScanUtils" name="test_scan_one_port_all_closed" time="0.862" timestamp="2020-12-01T12:40:56"/>
	<testcase classname="scan_utils_tests.TestScanUtils" name="test_scan_one_port_all_open" time="0.789" timestamp="2020-12-01T12:40:57"/>
</testsuite>
