<?xml version="1.0" encoding="UTF-8"?>
<testsuite errors="0" failures="0" file="scan_utils_tests.py" name="scan_utils_tests.TestScanUtils-20201201113655" skipped="0" tests="5" time="6.676" timestamp="2020-12-01T11:37:04">
	<testcase classname="scan_utils_tests.TestScanUtils" name="test_scan_many_ports_all_closed" time="1.870" timestamp="2020-12-01T11:36:59"/>
	<testcase classname="scan_utils_tests.TestScanUtils" name="test_scan_many_ports_all_open" time="1.223" timestamp="2020-12-01T11:37:00"/>
	<testcase classname="scan_utils_tests.TestScanUtils" name="test_scan_many_ports_some_open" time="1.821" timestamp="2020-12-01T11:37:02"/>
	<testcase classname="scan_utils_tests.TestScanUtils" name="test_scan_one_port_all_closed" time="0.882" timestamp="2020-12-01T11:37:03"/>
	<testcase classname="scan_utils_tests.TestScanUtils" name="test_scan_one_port_all_open" time="0.880" timestamp="2020-12-01T11:37:04"/>
</testsuite>
