<?xml version="1.0" encoding="UTF-8"?>
<testsuite errors="0" failures="0" file="scan_utils_tests.py" name="scan_utils_tests.TestScanUtils-20201201123616" skipped="0" tests="5" time="6.495" timestamp="2020-12-01T12:36:23">
	<testcase classname="scan_utils_tests.TestScanUtils" name="test_scan_many_ports_all_closed" time="1.766" timestamp="2020-12-01T12:36:18"/>
	<testcase classname="scan_utils_tests.TestScanUtils" name="test_scan_many_ports_all_open" time="1.169" timestamp="2020-12-01T12:36:20"/>
	<testcase classname="scan_utils_tests.TestScanUtils" name="test_scan_many_ports_some_open" time="1.787" timestamp="2020-12-01T12:36:21"/>
	<testcase classname="scan_utils_tests.TestScanUtils" name="test_scan_one_port_all_closed" time="0.878" timestamp="2020-12-01T12:36:22"/>
	<testcase classname="scan_utils_tests.TestScanUtils" name="test_scan_one_port_all_open" time="0.896" timestamp="2020-12-01T12:36:23"/>
</testsuite>
