<?xml version="1.0" encoding="UTF-8"?>
<testsuite errors="0" failures="0" file="scan_utils_tests.py" name="scan_utils_tests.TestScanUtils-20201201101114" skipped="0" tests="5" time="6.266" timestamp="2020-12-01T10:11:21">
	<testcase classname="scan_utils_tests.TestScanUtils" name="test_scan_many_ports_all_closed" time="1.593" timestamp="2020-12-01T10:11:17"/>
	<testcase classname="scan_utils_tests.TestScanUtils" name="test_scan_many_ports_all_open" time="1.166" timestamp="2020-12-01T10:11:18"/>
	<testcase classname="scan_utils_tests.TestScanUtils" name="test_scan_many_ports_some_open" time="1.747" timestamp="2020-12-01T10:11:20"/>
	<testcase classname="scan_utils_tests.TestScanUtils" name="test_scan_one_port_all_closed" time="0.921" timestamp="2020-12-01T10:11:20"/>
	<testcase classname="scan_utils_tests.TestScanUtils" name="test_scan_one_port_all_open" time="0.838" timestamp="2020-12-01T10:11:21"/>
</testsuite>
