<?xml version="1.0" encoding="UTF-8"?>
<testsuite errors="0" failures="0" file="scan_utils_tests.py" name="scan_utils_tests.TestScanUtils-20201130181143" skipped="0" tests="1" time="0.808" timestamp="2020-11-30T18:11:44">
	<testcase classname="scan_utils_tests.TestScanUtils" name="test_scan_one_port_all_closed" time="0.808" timestamp="2020-11-30T18:11:44"/>
</testsuite>
