<?xml version="1.0" encoding="UTF-8"?>
<testsuite errors="0" failures="0" file="scan_utils_tests.py" name="scan_utils_tests.TestScanUtils-20201201124057" skipped="0" tests="5" time="5.696" timestamp="2020-12-01T12:41:03">
	<testcase classname="scan_utils_tests.TestScanUtils" name="test_scan_many_ports_all_closed" time="1.559" timestamp="2020-12-01T12:40:59"/>
	<testcase classname="scan_utils_tests.TestScanUtils" name="test_scan_many_ports_all_open" time="1.030" timestamp="2020-12-01T12:41:00"/>
	<testcase classname="scan_utils_tests.TestScanUtils" name="test_scan_many_ports_some_open" time="1.531" timestamp="2020-12-01T12:41:02"/>
	<testcase classname="scan_utils_tests.TestScanUtils" name="test_scan_one_port_all_closed" time="0.786" timestamp="2020-12-01T12:41:02"/>
	<testcase classname="scan_utils_tests.TestScanUtils" name="test_scan_one_port_all_open" time="0.791" timestamp="2020-12-01T12:41:03"/>
</testsuite>
