<?xml version="1.0" encoding="UTF-8"?>
<testsuite errors="0" failures="0" file="scan_utils_tests.py" name="scan_utils_tests.TestScanUtils-20201130182309" skipped="0" tests="2" time="2.099" timestamp="2020-11-30T18:23:11">
	<testcase classname="scan_utils_tests.TestScanUtils" name="test_scan_one_port_all_closed" time="1.048" timestamp="2020-11-30T18:23:10"/>
	<testcase classname="scan_utils_tests.TestScanUtils" name="test_scan_one_port_all_open" time="1.051" timestamp="2020-11-30T18:23:11"/>
</testsuite>
