<?xml version="1.0" encoding="UTF-8"?>
<testsuite errors="0" failures="0" file="scan_utils_tests.py" name="scan_utils_tests.TestHandleScanConnection-20201201115116" skipped="0" tests="6" time="6.537" timestamp="2020-12-01T11:51:23">
	<testcase classname="scan_utils_tests.TestHandleScanConnection" name="test_scan_many_closed_ports" time="1.656" timestamp="2020-12-01T11:51:18"/>
	<testcase classname="scan_utils_tests.TestHandleScanConnection" name="test_scan_many_open_ports" time="1.103" timestamp="2020-12-01T11:51:19"/>
	<testcase classname="scan_utils_tests.TestHandleScanConnection" name="test_scan_one_closed_port" time="0.812" timestamp="2020-12-01T11:51:20"/>
	<testcase classname="scan_utils_tests.TestHandleScanConnection" name="test_scan_one_open_port" time="0.840" timestamp="2020-12-01T11:51:21"/>
	<testcase classname="scan_utils_tests.TestHandleScanConnection" name="test_scan_some_open_ports" time="1.783" timestamp="2020-12-01T11:51:23"/>
	<testcase classname="scan_utils_tests.TestHandleScanConnection" name="test_should_not_scan_ports_of_type_none" time="0.343" timestamp="2020-12-01T11:51:23"/>
</testsuite>
