<?xml version="1.0" encoding="UTF-8"?>
<testsuite errors="0" failures="0" file="scan_utils_tests.py" name="scan_utils_tests.TestScanUtils-20201201101121" skipped="0" tests="5" time="6.885" timestamp="2020-12-01T10:11:29">
	<testcase classname="scan_utils_tests.TestScanUtils" name="test_scan_many_ports_all_closed" time="1.724" timestamp="2020-12-01T10:11:24"/>
	<testcase classname="scan_utils_tests.TestScanUtils" name="test_scan_many_ports_all_open" time="1.402" timestamp="2020-12-01T10:11:25"/>
	<testcase classname="scan_utils_tests.TestScanUtils" name="test_scan_many_ports_some_open" time="2.022" timestamp="2020-12-01T10:11:28"/>
	<testcase classname="scan_utils_tests.TestScanUtils" name="test_scan_one_port_all_closed" time="0.866" timestamp="2020-12-01T10:11:28"/>
	<testcase classname="scan_utils_tests.TestScanUtils" name="test_scan_one_port_all_open" time="0.870" timestamp="2020-12-01T10:11:29"/>
</testsuite>
