<?xml version="1.0" encoding="UTF-8"?>
<testsuite errors="0" failures="0" file="scan_utils_tests.py" name="scan_utils_tests.TestScanUtils-20201201110946" skipped="0" tests="5" time="6.592" timestamp="2020-12-01T11:09:54">
	<testcase classname="scan_utils_tests.TestScanUtils" name="test_scan_many_ports_all_closed" time="1.791" timestamp="2020-12-01T11:09:49"/>
	<testcase classname="scan_utils_tests.TestScanUtils" name="test_scan_many_ports_all_open" time="1.164" timestamp="2020-12-01T11:09:50"/>
	<testcase classname="scan_utils_tests.TestScanUtils" name="test_scan_many_ports_some_open" time="1.800" timestamp="2020-12-01T11:09:52"/>
	<testcase classname="scan_utils_tests.TestScanUtils" name="test_scan_one_port_all_closed" time="0.869" timestamp="2020-12-01T11:09:53"/>
	<testcase classname="scan_utils_tests.TestScanUtils" name="test_scan_one_port_all_open" time="0.967" timestamp="2020-12-01T11:09:54"/>
</testsuite>
