<?xml version="1.0" encoding="UTF-8"?>
<testsuite errors="0" failures="0" file="scan_utils_tests.py" name="scan_utils_tests.TestScanUtils-20201201122752" skipped="0" tests="5" time="6.505" timestamp="2020-12-01T12:28:07">
	<testcase classname="scan_utils_tests.TestScanUtils" name="test_scan_many_ports_all_closed" time="1.779" timestamp="2020-12-01T12:28:03"/>
	<testcase classname="scan_utils_tests.TestScanUtils" name="test_scan_many_ports_all_open" time="1.188" timestamp="2020-12-01T12:28:04"/>
	<testcase classname="scan_utils_tests.TestScanUtils" name="test_scan_many_ports_some_open" time="1.759" timestamp="2020-12-01T12:28:06"/>
	<testcase classname="scan_utils_tests.TestScanUtils" name="test_scan_one_port_all_closed" time="0.874" timestamp="2020-12-01T12:28:06"/>
	<testcase classname="scan_utils_tests.TestScanUtils" name="test_scan_one_port_all_open" time="0.904" timestamp="2020-12-01T12:28:07"/>
</testsuite>
