<?xml version="1.0" encoding="UTF-8"?>
<testsuite errors="0" failures="0" file="scan_utils_tests.py" name="scan_utils_tests.TestCheckOpenPort-20201201113106" skipped="0" tests="2" time="0.630" timestamp="2020-12-01T11:31:07">
	<testcase classname="scan_utils_tests.TestCheckOpenPort" name="test_check_closed_port" time="0.314" timestamp="2020-12-01T11:31:06"/>
	<testcase classname="scan_utils_tests.TestCheckOpenPort" name="test_check_open_port" time="0.316" timestamp="2020-12-01T11:31:07"/>
</testsuite>
