<?xml version="1.0" encoding="UTF-8"?>
<testsuite errors="0" failures="0" file="scan_utils_tests.py" name="scan_utils_tests.TestScanUtils-20201201102337" skipped="0" tests="5" time="6.681" timestamp="2020-12-01T10:23:45">
	<testcase classname="scan_utils_tests.TestScanUtils" name="test_scan_many_ports_all_closed" time="1.797" timestamp="2020-12-01T10:23:40"/>
	<testcase classname="scan_utils_tests.TestScanUtils" name="test_scan_many_ports_all_open" time="1.114" timestamp="2020-12-01T10:23:41"/>
	<testcase classname="scan_utils_tests.TestScanUtils" name="test_scan_many_ports_some_open" time="1.983" timestamp="2020-12-01T10:23:43"/>
	<testcase classname="scan_utils_tests.TestScanUtils" name="test_scan_one_port_all_closed" time="0.901" timestamp="2020-12-01T10:23:44"/>
	<testcase classname="scan_utils_tests.TestScanUtils" name="test_scan_one_port_all_open" time="0.886" timestamp="2020-12-01T10:23:45"/>
</testsuite>
