<?xml version="1.0" encoding="UTF-8"?>
<testsuite errors="0" failures="0" file="scan_utils_tests.py" name="scan_utils_tests.TestHandleScanConnection-20201201114914" skipped="0" tests="6" time="6.270" timestamp="2020-12-01T11:49:21">
	<testcase classname="scan_utils_tests.TestHandleScanConnection" name="test_scan_many_closed_ports" time="1.640" timestamp="2020-12-01T11:49:17"/>
	<testcase classname="scan_utils_tests.TestHandleScanConnection" name="test_scan_many_open_ports" time="1.092" timestamp="2020-12-01T11:49:18"/>
	<testcase classname="scan_utils_tests.TestHandleScanConnection" name="test_scan_one_closed_port" time="0.818" timestamp="2020-12-01T11:49:19"/>
	<testcase classname="scan_utils_tests.TestHandleScanConnection" name="test_scan_one_open_port" time="0.809" timestamp="2020-12-01T11:49:20"/>
	<testcase classname="scan_utils_tests.TestHandleScanConnection" name="test_scan_some_open_ports" time="1.647" timestamp="2020-12-01T11:49:21"/>
	<testcase classname="scan_utils_tests.TestHandleScanConnection" name="test_should_not_scan_ports_of_type_none" time="0.263" timestamp="2020-12-01T11:49:21"/>
</testsuite>
