<?xml version="1.0" encoding="UTF-8"?>
<testsuite errors="0" failures="0" file="scan_utils_tests.py" name="scan_utils_tests.TestScanUtils-20201201110909" skipped="0" tests="5" time="6.520" timestamp="2020-12-01T11:09:17">
	<testcase classname="scan_utils_tests.TestScanUtils" name="test_scan_many_ports_all_closed" time="1.776" timestamp="2020-12-01T11:09:12"/>
	<testcase classname="scan_utils_tests.TestScanUtils" name="test_scan_many_ports_all_open" time="1.182" timestamp="2020-12-01T11:09:13"/>
	<testcase classname="scan_utils_tests.TestScanUtils" name="test_scan_many_ports_some_open" time="1.797" timestamp="2020-12-01T11:09:15"/>
	<testcase classname="scan_utils_tests.TestScanUtils" name="test_scan_one_port_all_closed" time="0.866" timestamp="2020-12-01T11:09:16"/>
	<testcase classname="scan_utils_tests.TestScanUtils" name="test_scan_one_port_all_open" time="0.899" timestamp="2020-12-01T11:09:17"/>
</testsuite>
