<?xml version="1.0" encoding="UTF-8"?>
<testsuite errors="0" failures="0" file="scan_utils_tests.py" name="scan_utils_tests.TestScanUtils-20201201125322" skipped="0" tests="5" time="6.161" timestamp="2020-12-01T12:53:29">
	<testcase classname="scan_utils_tests.TestScanUtils" name="test_scan_many_ports_all_closed" time="1.710" timestamp="2020-12-01T12:53:24"/>
	<testcase classname="scan_utils_tests.TestScanUtils" name="test_scan_many_ports_all_open" time="1.139" timestamp="2020-12-01T12:53:26"/>
	<testcase classname="scan_utils_tests.TestScanUtils" name="test_scan_many_ports_some_open" time="1.673" timestamp="2020-12-01T12:53:27"/>
	<testcase classname="scan_utils_tests.TestScanUtils" name="test_scan_one_port_all_closed" time="0.821" timestamp="2020-12-01T12:53:28"/>
	<testcase classname="scan_utils_tests.TestScanUtils" name="test_scan_one_port_all_open" time="0.818" timestamp="2020-12-01T12:53:29"/>
</testsuite>
