<?xml version="1.0" encoding="UTF-8"?>
<testsuite errors="0" failures="0" file="scan_utils_tests.py" name="scan_utils_tests.TestScanUtils-20201201115514" skipped="0" tests="5" time="6.364" timestamp="2020-12-01T11:55:28">
	<testcase classname="scan_utils_tests.TestScanUtils" name="test_scan_many_ports_all_closed" time="1.735" timestamp="2020-12-01T11:55:24"/>
	<testcase classname="scan_utils_tests.TestScanUtils" name="test_scan_many_ports_all_open" time="1.144" timestamp="2020-12-01T11:55:25"/>
	<testcase classname="scan_utils_tests.TestScanUtils" name="test_scan_many_ports_some_open" time="1.740" timestamp="2020-12-01T11:55:27"/>
	<testcase classname="scan_utils_tests.TestScanUtils" name="test_scan_one_port_all_closed" time="0.862" timestamp="2020-12-01T11:55:27"/>
	<testcase classname="scan_utils_tests.TestScanUtils" name="test_scan_one_port_all_open" time="0.884" timestamp="2020-12-01T11:55:28"/>
</testsuite>
