<?xml version="1.0" encoding="UTF-8"?>
<testsuite errors="0" failures="0" file="scan_utils_tests.py" name="scan_utils_tests.TestCheckOpenPort-20201130185001" skipped="0" tests="2" time="0.540" timestamp="2020-11-30T18:50:02">
	<testcase classname="scan_utils_tests.TestCheckOpenPort" name="test_check_closed_port" time="0.272" timestamp="2020-11-30T18:50:01"/>
	<testcase classname="scan_utils_tests.TestCheckOpenPort" name="test_check_open_port" time="0.268" timestamp="2020-11-30T18:50:02"/>
</testsuite>
