<?xml version="1.0" encoding="UTF-8"?>
<testsuite errors="0" failures="0" file="scan_utils_tests.py" name="scan_utils_tests.TestScanUtils-20201201115500" skipped="0" tests="5" time="6.549" timestamp="2020-12-01T11:55:14">
	<testcase classname="scan_utils_tests.TestScanUtils" name="test_scan_many_ports_all_closed" time="1.806" timestamp="2020-12-01T11:55:09"/>
	<testcase classname="scan_utils_tests.TestScanUtils" name="test_scan_many_ports_all_open" time="1.229" timestamp="2020-12-01T11:55:11"/>
	<testcase classname="scan_utils_tests.TestScanUtils" name="test_scan_many_ports_some_open" time="1.801" timestamp="2020-12-01T11:55:12"/>
	<testcase classname="scan_utils_tests.TestScanUtils" name="test_scan_one_port_all_closed" time="0.868" timestamp="2020-12-01T11:55:13"/>
	<testcase classname="scan_utils_tests.TestScanUtils" name="test_scan_one_port_all_open" time="0.846" timestamp="2020-12-01T11:55:14"/>
</testsuite>
