<?xml version="1.0" encoding="UTF-8"?>
<testsuite errors="0" failures="0" file="scan_utils_tests.py" name="scan_utils_tests.TestScanUtils-20201201103258" skipped="0" tests="5" time="6.062" timestamp="2020-12-01T10:33:05">
	<testcase classname="scan_utils_tests.TestScanUtils" name="test_scan_many_ports_all_closed" time="1.686" timestamp="2020-12-01T10:33:00"/>
	<testcase classname="scan_utils_tests.TestScanUtils" name="test_scan_many_ports_all_open" time="1.108" timestamp="2020-12-01T10:33:02"/>
	<testcase classname="scan_utils_tests.TestScanUtils" name="test_scan_many_ports_some_open" time="1.644" timestamp="2020-12-01T10:33:03"/>
	<testcase classname="scan_utils_tests.TestScanUtils" name="test_scan_one_port_all_closed" time="0.818" timestamp="2020-12-01T10:33:04"/>
	<testcase classname="scan_utils_tests.TestScanUtils" name="test_scan_one_port_all_open" time="0.807" timestamp="2020-12-01T10:33:05"/>
</testsuite>
