<?xml version="1.0" encoding="UTF-8"?>
<testsuite errors="0" failures="0" file="scan_utils_tests.py" name="scan_utils_tests.TestScanUtils-20201201102939" skipped="0" tests="5" time="5.631" timestamp="2020-12-01T10:29:45">
	<testcase classname="scan_utils_tests.TestScanUtils" name="test_scan_many_ports_all_closed" time="1.502" timestamp="2020-12-01T10:29:41"/>
	<testcase classname="scan_utils_tests.TestScanUtils" name="test_scan_many_ports_all_open" time="1.017" timestamp="2020-12-01T10:29:42"/>
	<testcase classname="scan_utils_tests.TestScanUtils" name="test_scan_many_ports_some_open" time="1.538" timestamp="2020-12-01T10:29:44"/>
	<testcase classname="scan_utils_tests.TestScanUtils" name="test_scan_one_port_all_closed" time="0.791" timestamp="2020-12-01T10:29:44"/>
	<testcase classname="scan_utils_tests.TestScanUtils" name="test_scan_one_port_all_open" time="0.783" timestamp="2020-12-01T10:29:45"/>
</testsuite>
