<?xml version="1.0" encoding="UTF-8"?>
<testsuite errors="0" failures="0" file="scan_utils_tests.py" name="scan_utils_tests.TestScanUtils-20201201100532" skipped="0" tests="5" time="6.197" timestamp="2020-12-01T10:05:39">
	<testcase classname="scan_utils_tests.TestScanUtils" name="test_scan_many_ports_all_closed" time="1.717" timestamp="2020-12-01T10:05:35"/>
	<testcase classname="scan_utils_tests.TestScanUtils" name="test_scan_many_ports_all_open" time="1.158" timestamp="2020-12-01T10:05:36"/>
	<testcase classname="scan_utils_tests.TestScanUtils" name="test_scan_many_ports_some_open" time="1.763" timestamp="2020-12-01T10:05:38"/>
	<testcase classname="scan_utils_tests.TestScanUtils" name="test_scan_one_port_all_closed" time="0.782" timestamp="2020-12-01T10:05:39"/>
	<testcase classname="scan_utils_tests.TestScanUtils" name="test_scan_one_port_all_open" time="0.777" timestamp="2020-12-01T10:05:39"/>
</testsuite>
