<?xml version="1.0" encoding="UTF-8"?>
<testsuite errors="0" failures="0" file="scan_utils_tests.py" name="scan_utils_tests.TestScanUtils-20201201105638" skipped="0" tests="5" time="6.458" timestamp="2020-12-01T10:56:45">
	<testcase classname="scan_utils_tests.TestScanUtils" name="test_scan_many_ports_all_closed" time="1.799" timestamp="2020-12-01T10:56:41"/>
	<testcase classname="scan_utils_tests.TestScanUtils" name="test_scan_many_ports_all_open" time="1.170" timestamp="2020-12-01T10:56:42"/>
	<testcase classname="scan_utils_tests.TestScanUtils" name="test_scan_many_ports_some_open" time="1.745" timestamp="2020-12-01T10:56:44"/>
	<testcase classname="scan_utils_tests.TestScanUtils" name="test_scan_one_port_all_closed" time="0.893" timestamp="2020-12-01T10:56:45"/>
	<testcase classname="scan_utils_tests.TestScanUtils" name="test_scan_one_port_all_open" time="0.851" timestamp="2020-12-01T10:56:45"/>
</testsuite>
