<?xml version="1.0" encoding="UTF-8"?>
<testsuite errors="0" failures="0" file="scan_utils_tests.py" name="scan_utils_tests.TestScanUtils-20201201114914" skipped="0" tests="5" time="6.070" timestamp="2020-12-01T11:49:28">
	<testcase classname="scan_utils_tests.TestScanUtils" name="test_scan_many_ports_all_closed" time="1.645" timestamp="2020-12-01T11:49:23"/>
	<testcase classname="scan_utils_tests.TestScanUtils" name="test_scan_many_ports_all_open" time="1.098" timestamp="2020-12-01T11:49:24"/>
	<testcase classname="scan_utils_tests.TestScanUtils" name="test_scan_many_ports_some_open" time="1.700" timestamp="2020-12-01T11:49:26"/>
	<testcase classname="scan_utils_tests.TestScanUtils" name="test_scan_one_port_all_closed" time="0.819" timestamp="2020-12-01T11:49:27"/>
	<testcase classname="scan_utils_tests.TestScanUtils" name="test_scan_one_port_all_open" time="0.807" timestamp="2020-12-01T11:49:28"/>
</testsuite>
