<?xml version="1.0" encoding="UTF-8"?>
<testsuite errors="0" failures="0" file="scan_utils_tests.py" name="scan_utils_tests.TestScanUtils-20201201110902" skipped="0" tests="5" time="6.479" timestamp="2020-12-01T11:09:09">
	<testcase classname="scan_utils_tests.TestScanUtils" name="test_scan_many_ports_all_closed" time="1.792" timestamp="2020-12-01T11:09:05"/>
	<testcase classname="scan_utils_tests.TestScanUtils" name="test_scan_many_ports_all_open" time="1.166" timestamp="2020-12-01T11:09:06"/>
	<testcase classname="scan_utils_tests.TestScanUtils" name="test_scan_many_ports_some_open" time="1.784" timestamp="2020-12-01T11:09:08"/>
	<testcase classname="scan_utils_tests.TestScanUtils" name="test_scan_one_port_all_closed" time="0.864" timestamp="2020-12-01T11:09:09"/>
	<testcase classname="scan_utils_tests.TestScanUtils" name="test_scan_one_port_all_open" time="0.873" timestamp="2020-12-01T11:09:09"/>
</testsuite>
