<?xml version="1.0" encoding="UTF-8"?>
<testsuite errors="0" failures="0" file="scan_utils_tests.py" name="scan_utils_tests.TestScanUtils-20201201110636" skipped="0" tests="5" time="6.655" timestamp="2020-12-01T11:06:43">
	<testcase classname="scan_utils_tests.TestScanUtils" name="test_scan_many_ports_all_closed" time="1.808" timestamp="2020-12-01T11:06:38"/>
	<testcase classname="scan_utils_tests.TestScanUtils" name="test_scan_many_ports_all_open" time="1.222" timestamp="2020-12-01T11:06:40"/>
	<testcase classname="scan_utils_tests.TestScanUtils" name="test_scan_many_ports_some_open" time="1.833" timestamp="2020-12-01T11:06:42"/>
	<testcase classname="scan_utils_tests.TestScanUtils" name="test_scan_one_port_all_closed" time="0.895" timestamp="2020-12-01T11:06:42"/>
	<testcase classname="scan_utils_tests.TestScanUtils" name="test_scan_one_port_all_open" time="0.896" timestamp="2020-12-01T11:06:43"/>
</testsuite>
