<?xml version="1.0" encoding="UTF-8"?>
<testsuite errors="0" failures="0" file="scan_utils_tests.py" name="scan_utils_tests.TestScanUtils-20201130183011" skipped="0" tests="2" time="1.561" timestamp="2020-11-30T18:30:13">
	<testcase classname="scan_utils_tests.TestScanUtils" name="test_scan_one_port_all_closed" time="0.779" timestamp="2020-11-30T18:30:12"/>
	<testcase classname="scan_utils_tests.TestScanUtils" name="test_scan_one_port_all_open" time="0.782" timestamp="2020-11-30T18:30:13"/>
</testsuite>
