<?xml version="1.0" encoding="UTF-8"?>
<testsuite errors="0" failures="0" file="scan_utils_tests.py" name="scan_utils_tests.TestScanUtils-20201201102345" skipped="0" tests="5" time="6.619" timestamp="2020-12-01T10:23:53">
	<testcase classname="scan_utils_tests.TestScanUtils" name="test_scan_many_ports_all_closed" time="1.968" timestamp="2020-12-01T10:23:48"/>
	<testcase classname="scan_utils_tests.TestScanUtils" name="test_scan_many_ports_all_open" time="1.165" timestamp="2020-12-01T10:23:49"/>
	<testcase classname="scan_utils_tests.TestScanUtils" name="test_scan_many_ports_some_open" time="1.763" timestamp="2020-12-01T10:23:51"/>
	<testcase classname="scan_utils_tests.TestScanUtils" name="test_scan_one_port_all_closed" time="0.878" timestamp="2020-12-01T10:23:52"/>
	<testcase classname="scan_utils_tests.TestScanUtils" name="test_scan_one_port_all_open" time="0.845" timestamp="2020-12-01T10:23:53"/>
</testsuite>
