<?xml version="1.0" encoding="UTF-8"?>
<testsuite errors="0" failures="0" file="scan_utils_tests.py" name="scan_utils_tests.TestScanUtils-20201201114928" skipped="0" tests="5" time="6.106" timestamp="2020-12-01T11:49:41">
	<testcase classname="scan_utils_tests.TestScanUtils" name="test_scan_many_ports_all_closed" time="1.665" timestamp="2020-12-01T11:49:37"/>
	<testcase classname="scan_utils_tests.TestScanUtils" name="test_scan_many_ports_all_open" time="1.097" timestamp="2020-12-01T11:49:38"/>
	<testcase classname="scan_utils_tests.TestScanUtils" name="test_scan_many_ports_some_open" time="1.693" timestamp="2020-12-01T11:49:40"/>
	<testcase classname="scan_utils_tests.TestScanUtils" name="test_scan_one_port_all_closed" time="0.832" timestamp="2020-12-01T11:49:40"/>
	<testcase classname="scan_utils_tests.TestScanUtils" name="test_scan_one_port_all_open" time="0.819" timestamp="2020-12-01T11:49:41"/>
</testsuite>
