<?xml version="1.0" encoding="UTF-8"?>
<testsuite errors="0" failures="0" file="scan_utils_tests.py" name="scan_utils_tests.TestScanUtils-20201201113114" skipped="0" tests="5" time="6.626" timestamp="2020-12-01T11:31:21">
	<testcase classname="scan_utils_tests.TestScanUtils" name="test_scan_many_ports_all_closed" time="1.813" timestamp="2020-12-01T11:31:17"/>
	<testcase classname="scan_utils_tests.TestScanUtils" name="test_scan_many_ports_all_open" time="1.197" timestamp="2020-12-01T11:31:18"/>
	<testcase classname="scan_utils_tests.TestScanUtils" name="test_scan_many_ports_some_open" time="1.837" timestamp="2020-12-01T11:31:20"/>
	<testcase classname="scan_utils_tests.TestScanUtils" name="test_scan_one_port_all_closed" time="0.879" timestamp="2020-12-01T11:31:20"/>
	<testcase classname="scan_utils_tests.TestScanUtils" name="test_scan_one_port_all_open" time="0.900" timestamp="2020-12-01T11:31:21"/>
</testsuite>
