<?xml version="1.0" encoding="UTF-8"?>
<testsuite errors="0" failures="0" file="scan_utils_tests.py" name="scan_utils_tests.TestScanUtils-20201201120432" skipped="0" tests="5" time="6.536" timestamp="2020-12-01T12:04:39">
	<testcase classname="scan_utils_tests.TestScanUtils" name="test_scan_many_ports_all_closed" time="1.803" timestamp="2020-12-01T12:04:35"/>
	<testcase classname="scan_utils_tests.TestScanUtils" name="test_scan_many_ports_all_open" time="1.187" timestamp="2020-12-01T12:04:36"/>
	<testcase classname="scan_utils_tests.TestScanUtils" name="test_scan_many_ports_some_open" time="1.812" timestamp="2020-12-01T12:04:38"/>
	<testcase classname="scan_utils_tests.TestScanUtils" name="test_scan_one_port_all_closed" time="0.878" timestamp="2020-12-01T12:04:39"/>
	<testcase classname="scan_utils_tests.TestScanUtils" name="test_scan_one_port_all_open" time="0.855" timestamp="2020-12-01T12:04:39"/>
</testsuite>
