<?xml version="1.0" encoding="UTF-8"?>
<testsuite errors="0" failures="0" file="scan_utils_tests.py" name="scan_utils_tests.TestScanUtils-20201201094846" skipped="0" tests="5" time="7.894" timestamp="2020-12-01T09:48:55">
	<testcase classname="scan_utils_tests.TestScanUtils" name="test_scan_many_ports_all_closed" time="3.419" timestamp="2020-12-01T09:48:51"/>
	<testcase classname="scan_utils_tests.TestScanUtils" name="test_scan_many_ports_all_open" time="1.105" timestamp="2020-12-01T09:48:52"/>
	<testcase classname="scan_utils_tests.TestScanUtils" name="test_scan_many_ports_some_open" time="1.783" timestamp="2020-12-01T09:48:54"/>
	<testcase classname="scan_utils_tests.TestScanUtils" name="test_scan_one_port_all_closed" time="0.796" timestamp="2020-12-01T09:48:54"/>
	<testcase classname="scan_utils_tests.TestScanUtils" name="test_scan_one_port_all_open" time="0.791" timestamp="2020-12-01T09:48:55"/>
</testsuite>
