<?xml version="1.0" encoding="UTF-8"?>
<testsuite errors="0" failures="0" file="scan_utils_tests.py" name="scan_utils_tests.TestScanUtils-20201201123806" skipped="0" tests="5" time="5.945" timestamp="2020-12-01T12:38:13">
	<testcase classname="scan_utils_tests.TestScanUtils" name="test_scan_many_ports_all_closed" time="1.757" timestamp="2020-12-01T12:38:08"/>
	<testcase classname="scan_utils_tests.TestScanUtils" name="test_scan_many_ports_all_open" time="1.056" timestamp="2020-12-01T12:38:10"/>
	<testcase classname="scan_utils_tests.TestScanUtils" name="test_scan_many_ports_some_open" time="1.519" timestamp="2020-12-01T12:38:11"/>
	<testcase classname="scan_utils_tests.TestScanUtils" name="test_scan_one_port_all_closed" time="0.785" timestamp="2020-12-01T12:38:12"/>
	<testcase classname="scan_utils_tests.TestScanUtils" name="test_scan_one_port_all_open" time="0.828" timestamp="2020-12-01T12:38:13"/>
</testsuite>
