<?xml version="1.0" encoding="UTF-8"?>
<testsuite errors="0" failures="0" file="scan_utils_tests.py" name="scan_utils_tests.TestScanUtils-20201130184629" skipped="0" tests="2" time="1.587" timestamp="2020-11-30T18:46:32">
	<testcase classname="scan_utils_tests.TestScanUtils" name="test_scan_one_port_all_closed" time="0.794" timestamp="2020-11-30T18:46:31"/>
	<testcase classname="scan_utils_tests.TestScanUtils" name="test_scan_one_port_all_open" time="0.793" timestamp="2020-11-30T18:46:32"/>
</testsuite>
