<?xml version="1.0" encoding="UTF-8"?>
<testsuite errors="0" failures="0" file="scan_utils_tests.py" name="scan_utils_tests.TestCheckOpenPort-20201201103258" skipped="0" tests="2" time="0.580" timestamp="2020-12-01T10:32:59">
	<testcase classname="scan_utils_tests.TestCheckOpenPort" name="test_check_closed_port" time="0.295" timestamp="2020-12-01T10:32:58"/>
	<testcase classname="scan_utils_tests.TestCheckOpenPort" name="test_check_open_port" time="0.285" timestamp="2020-12-01T10:32:59"/>
</testsuite>
