<?xml version="1.0" encoding="UTF-8"?>
<testsuite errors="0" failures="0" file="scan_utils_tests.py" name="scan_utils_tests.TestScanUtils-20201130182412" skipped="0" tests="2" time="1.827" timestamp="2020-11-30T18:24:14">
	<testcase classname="scan_utils_tests.TestScanUtils" name="test_scan_one_port_all_closed" time="0.993" timestamp="2020-11-30T18:24:14"/>
	<testcase classname="scan_utils_tests.TestScanUtils" name="test_scan_one_port_all_open" time="0.834" timestamp="2020-11-30T18:24:14"/>
</testsuite>
