<?xml version="1.0" encoding="UTF-8"?>
<testsuite errors="0" failures="0" file="scan_utils_tests.py" name="scan_utils_tests.TestScanUtils-20201201120245" skipped="0" tests="5" time="6.235" timestamp="2020-12-01T12:02:58">
	<testcase classname="scan_utils_tests.TestScanUtils" name="test_scan_many_ports_all_closed" time="1.709" timestamp="2020-12-01T12:02:54"/>
	<testcase classname="scan_utils_tests.TestScanUtils" name="test_scan_many_ports_all_open" time="1.122" timestamp="2020-12-01T12:02:55"/>
	<testcase classname="scan_utils_tests.TestScanUtils" name="test_scan_many_ports_some_open" time="1.722" timestamp="2020-12-01T12:02:57"/>
	<testcase classname="scan_utils_tests.TestScanUtils" name="test_scan_one_port_all_closed" time="0.836" timestamp="2020-12-01T12:02:58"/>
	<testcase classname="scan_utils_tests.TestScanUtils" name="test_scan_one_port_all_open" time="0.846" timestamp="2020-12-01T12:02:58"/>
</testsuite>
