<?xml version="1.0" encoding="UTF-8"?>
<testsuite errors="0" failures="0" file="scan_utils_tests.py" name="scan_utils_tests.TestScanUtils-20201201110643" skipped="0" tests="5" time="6.690" timestamp="2020-12-01T11:06:51">
	<testcase classname="scan_utils_tests.TestScanUtils" name="test_scan_many_ports_all_closed" time="1.818" timestamp="2020-12-01T11:06:46"/>
	<testcase classname="scan_utils_tests.TestScanUtils" name="test_scan_many_ports_all_open" time="1.220" timestamp="2020-12-01T11:06:48"/>
	<testcase classname="scan_utils_tests.TestScanUtils" name="test_scan_many_ports_some_open" time="1.827" timestamp="2020-12-01T11:06:49"/>
	<testcase classname="scan_utils_tests.TestScanUtils" name="test_scan_one_port_all_closed" time="0.905" timestamp="2020-12-01T11:06:50"/>
	<testcase classname="scan_utils_tests.TestScanUtils" name="test_scan_one_port_all_open" time="0.920" timestamp="2020-12-01T11:06:51"/>
</testsuite>
