<?xml version="1.0" encoding="UTF-8"?>
<testsuite errors="0" failures="0" file="scan_utils_tests.py" name="scan_utils_tests.TestCheckOpenPort-20201130185003" skipped="0" tests="2" time="0.543" timestamp="2020-11-30T18:50:04">
	<testcase classname="scan_utils_tests.TestCheckOpenPort" name="test_check_closed_port" time="0.276" timestamp="2020-11-30T18:50:04"/>
	<testcase classname="scan_utils_tests.TestCheckOpenPort" name="test_check_open_port" time="0.268" timestamp="2020-11-30T18:50:04"/>
</testsuite>
