<?xml version="1.0" encoding="UTF-8"?>
<testsuite errors="0" failures="0" file="scan_utils_tests.py" name="scan_utils_tests.TestCheckOpenPort-20201201120230" skipped="0" tests="2" time="0.660" timestamp="2020-12-01T12:02:31">
	<testcase classname="scan_utils_tests.TestCheckOpenPort" name="test_check_closed_port" time="0.326" timestamp="2020-12-01T12:02:31"/>
	<testcase classname="scan_utils_tests.TestCheckOpenPort" name="test_check_open_port" time="0.334" timestamp="2020-12-01T12:02:31"/>
</testsuite>
