<?xml version="1.0" encoding="UTF-8"?>
<testsuite errors="0" failures="0" file="scan_utils_tests.py" name="scan_utils_tests.TestScanUtils-20201130191929" skipped="0" tests="5" time="5.658" timestamp="2020-11-30T19:19:36">
	<testcase classname="scan_utils_tests.TestScanUtils" name="test_scan_many_ports_all_closed" time="1.544" timestamp="2020-11-30T19:19:32"/>
	<testcase classname="scan_utils_tests.TestScanUtils" name="test_scan_many_ports_all_open" time="1.023" timestamp="2020-11-30T19:19:33"/>
	<testcase classname="scan_utils_tests.TestScanUtils" name="test_scan_many_ports_some_open" time="1.521" timestamp="2020-11-30T19:19:34"/>
	<testcase classname="scan_utils_tests.TestScanUtils" name="test_scan_one_port_all_closed" time="0.786" timestamp="2020-11-30T19:19:35"/>
	<testcase classname="scan_utils_tests.TestScanUtils" name="test_scan_one_port_all_open" time="0.783" timestamp="2020-11-30T19:19:36"/>
</testsuite>
