<?xml version="1.0" encoding="UTF-8"?>
<testsuite errors="0" failures="0" file="scan_utils_tests.py" name="scan_utils_tests.TestCheckOpenPort-20201130190832" skipped="0" tests="2" time="0.583" timestamp="2020-11-30T19:08:33">
	<testcase classname="scan_utils_tests.TestCheckOpenPort" name="test_check_closed_port" time="0.283" timestamp="2020-11-30T19:08:33"/>
	<testcase classname="scan_utils_tests.TestCheckOpenPort" name="test_check_open_port" time="0.300" timestamp="2020-11-30T19:08:33"/>
</testsuite>
