<?xml version="1.0" encoding="UTF-8"?>
<testsuite errors="0" failures="0" file="scan_utils_tests.py" name="scan_utils_tests.TestCheckOpenPort-20201130192204" skipped="0" tests="2" time="0.547" timestamp="2020-11-30T19:22:05">
	<testcase classname="scan_utils_tests.TestCheckOpenPort" name="test_check_closed_port" time="0.285" timestamp="2020-11-30T19:22:04"/>
	<testcase classname="scan_utils_tests.TestCheckOpenPort" name="test_check_open_port" time="0.262" timestamp="2020-11-30T19:22:05"/>
</testsuite>
