<?xml version="1.0" encoding="UTF-8"?>
<testsuite errors="0" failures="0" file="scan_utils_tests.py" name="scan_utils_tests.TestScanUtils-20201201100539" skipped="0" tests="5" time="6.500" timestamp="2020-12-01T10:05:47">
	<testcase classname="scan_utils_tests.TestScanUtils" name="test_scan_many_ports_all_closed" time="1.736" timestamp="2020-12-01T10:05:42"/>
	<testcase classname="scan_utils_tests.TestScanUtils" name="test_scan_many_ports_all_open" time="1.335" timestamp="2020-12-01T10:05:43"/>
	<testcase classname="scan_utils_tests.TestScanUtils" name="test_scan_many_ports_some_open" time="1.833" timestamp="2020-12-01T10:05:45"/>
	<testcase classname="scan_utils_tests.TestScanUtils" name="test_scan_one_port_all_closed" time="0.796" timestamp="2020-12-01T10:05:46"/>
	<testcase classname="scan_utils_tests.TestScanUtils" name="test_scan_one_port_all_open" time="0.801" timestamp="2020-12-01T10:05:47"/>
</testsuite>
