<?xml version="1.0" encoding="UTF-8"?>
<testsuite errors="0" failures="0" file="scan_utils_tests.py" name="scan_utils_tests.TestScanUtils-20201201120230" skipped="0" tests="5" time="6.508" timestamp="2020-12-01T12:02:44">
	<testcase classname="scan_utils_tests.TestScanUtils" name="test_scan_many_ports_all_closed" time="1.759" timestamp="2020-12-01T12:02:40"/>
	<testcase classname="scan_utils_tests.TestScanUtils" name="test_scan_many_ports_all_open" time="1.229" timestamp="2020-12-01T12:02:41"/>
	<testcase classname="scan_utils_tests.TestScanUtils" name="test_scan_many_ports_some_open" time="1.773" timestamp="2020-12-01T12:02:43"/>
	<testcase classname="scan_utils_tests.TestScanUtils" name="test_scan_one_port_all_closed" time="0.859" timestamp="2020-12-01T12:02:44"/>
	<testcase classname="scan_utils_tests.TestScanUtils" name="test_scan_one_port_all_open" time="0.888" timestamp="2020-12-01T12:02:44"/>
</testsuite>
