<?xml version="1.0" encoding="UTF-8"?>
<testsuite errors="0" failures="0" file="scan_utils_tests.py" name="scan_utils_tests.TestScanUtils-20201201112247" skipped="0" tests="5" time="5.676" timestamp="2020-12-01T11:22:54">
	<testcase classname="scan_utils_tests.TestScanUtils" name="test_scan_many_ports_all_closed" time="1.537" timestamp="2020-12-01T11:22:50"/>
	<testcase classname="scan_utils_tests.TestScanUtils" name="test_scan_many_ports_all_open" time="1.035" timestamp="2020-12-01T11:22:51"/>
	<testcase classname="scan_utils_tests.TestScanUtils" name="test_scan_many_ports_some_open" time="1.531" timestamp="2020-12-01T11:22:52"/>
	<testcase classname="scan_utils_tests.TestScanUtils" name="test_scan_one_port_all_closed" time="0.788" timestamp="2020-12-01T11:22:53"/>
	<testcase classname="scan_utils_tests.TestScanUtils" name="test_scan_one_port_all_open" time="0.785" timestamp="2020-12-01T11:22:54"/>
</testsuite>
