<?xml version="1.0" encoding="UTF-8"?>
<testsuite errors="0" failures="0" file="scan_utils_tests.py" name="scan_utils_tests.TestScanUtils-20201201114656" skipped="0" tests="5" time="6.214" timestamp="2020-12-01T11:47:09">
	<testcase classname="scan_utils_tests.TestScanUtils" name="test_scan_many_ports_all_closed" time="1.710" timestamp="2020-12-01T11:47:05"/>
	<testcase classname="scan_utils_tests.TestScanUtils" name="test_scan_many_ports_all_open" time="1.209" timestamp="2020-12-01T11:47:06"/>
	<testcase classname="scan_utils_tests.TestScanUtils" name="test_scan_many_ports_some_open" time="1.659" timestamp="2020-12-01T11:47:08"/>
	<testcase classname="scan_utils_tests.TestScanUtils" name="test_scan_one_port_all_closed" time="0.823" timestamp="2020-12-01T11:47:09"/>
	<testcase classname="scan_utils_tests.TestScanUtils" name="test_scan_one_port_all_open" time="0.813" timestamp="2020-12-01T11:47:09"/>
</testsuite>
