<?xml version="1.0" encoding="UTF-8"?>
<testsuite errors="0" failures="0" file="scan_utils_tests.py" name="scan_utils_tests.TestScanUtils-20201201095945" skipped="0" tests="5" time="5.930" timestamp="2020-12-01T09:59:52">
	<testcase classname="scan_utils_tests.TestScanUtils" name="test_scan_many_ports_all_closed" time="1.776" timestamp="2020-12-01T09:59:48"/>
	<testcase classname="scan_utils_tests.TestScanUtils" name="test_scan_many_ports_all_open" time="1.092" timestamp="2020-12-01T09:59:49"/>
	<testcase classname="scan_utils_tests.TestScanUtils" name="test_scan_many_ports_some_open" time="1.513" timestamp="2020-12-01T09:59:50"/>
	<testcase classname="scan_utils_tests.TestScanUtils" name="test_scan_one_port_all_closed" time="0.772" timestamp="2020-12-01T09:59:51"/>
	<testcase classname="scan_utils_tests.TestScanUtils" name="test_scan_one_port_all_open" time="0.777" timestamp="2020-12-01T09:59:52"/>
</testsuite>
