<?xml version="1.0" encoding="UTF-8"?>
<testsuite errors="0" failures="0" file="scan_utils_tests.py" name="scan_utils_tests.TestScanUtils-20201201123231" skipped="0" tests="5" time="6.522" timestamp="2020-12-01T12:32:39">
	<testcase classname="scan_utils_tests.TestScanUtils" name="test_scan_many_ports_all_closed" time="1.782" timestamp="2020-12-01T12:32:34"/>
	<testcase classname="scan_utils_tests.TestScanUtils" name="test_scan_many_ports_all_open" time="1.155" timestamp="2020-12-01T12:32:35"/>
	<testcase classname="scan_utils_tests.TestScanUtils" name="test_scan_many_ports_some_open" time="1.825" timestamp="2020-12-01T12:32:37"/>
	<testcase classname="scan_utils_tests.TestScanUtils" name="test_scan_one_port_all_closed" time="0.888" timestamp="2020-12-01T12:32:38"/>
	<testcase classname="scan_utils_tests.TestScanUtils" name="test_scan_one_port_all_open" time="0.872" timestamp="2020-12-01T12:32:39"/>
</testsuite>
