<?xml version="1.0" encoding="UTF-8"?>
<testsuite errors="0" failures="0" file="scan_utils_tests.py" name="scan_utils_tests.TestScanUtils-20201201113646" skipped="0" tests="5" time="6.609" timestamp="2020-12-01T11:36:55">
	<testcase classname="scan_utils_tests.TestScanUtils" name="test_scan_many_ports_all_closed" time="1.850" timestamp="2020-12-01T11:36:50"/>
	<testcase classname="scan_utils_tests.TestScanUtils" name="test_scan_many_ports_all_open" time="1.195" timestamp="2020-12-01T11:36:51"/>
	<testcase classname="scan_utils_tests.TestScanUtils" name="test_scan_many_ports_some_open" time="1.818" timestamp="2020-12-01T11:36:53"/>
	<testcase classname="scan_utils_tests.TestScanUtils" name="test_scan_one_port_all_closed" time="0.875" timestamp="2020-12-01T11:36:54"/>
	<testcase classname="scan_utils_tests.TestScanUtils" name="test_scan_one_port_all_open" time="0.871" timestamp="2020-12-01T11:36:55"/>
</testsuite>
