<?xml version="1.0" encoding="UTF-8"?>
<testsuite errors="0" failures="0" file="scan_utils_tests.py" name="scan_utils_tests.TestScanUtils-20201130191936" skipped="0" tests="5" time="5.698" timestamp="2020-11-30T19:19:43">
	<testcase classname="scan_utils_tests.TestScanUtils" name="test_scan_many_ports_all_closed" time="1.515" timestamp="2020-11-30T19:19:38"/>
	<testcase classname="scan_utils_tests.TestScanUtils" name="test_scan_many_ports_all_open" time="1.048" timestamp="2020-11-30T19:19:39"/>
	<testcase classname="scan_utils_tests.TestScanUtils" name="test_scan_many_ports_some_open" time="1.566" timestamp="2020-11-30T19:19:41"/>
	<testcase classname="scan_utils_tests.TestScanUtils" name="test_scan_one_port_all_closed" time="0.785" timestamp="2020-11-30T19:19:42"/>
	<testcase classname="scan_utils_tests.TestScanUtils" name="test_scan_one_port_all_open" time="0.784" timestamp="2020-11-30T19:19:43"/>
</testsuite>
