<?xml version="1.0" encoding="UTF-8"?>
<testsuite errors="0" failures="0" file="scan_utils_tests.py" name="scan_utils_tests.TestScanUtils-20201201111500" skipped="0" tests="5" time="6.695" timestamp="2020-12-01T11:15:08">
	<testcase classname="scan_utils_tests.TestScanUtils" name="test_scan_many_ports_all_closed" time="1.847" timestamp="2020-12-01T11:15:03"/>
	<testcase classname="scan_utils_tests.TestScanUtils" name="test_scan_many_ports_all_open" time="1.240" timestamp="2020-12-01T11:15:04"/>
	<testcase classname="scan_utils_tests.TestScanUtils" name="test_scan_many_ports_some_open" time="1.829" timestamp="2020-12-01T11:15:06"/>
	<testcase classname="scan_utils_tests.TestScanUtils" name="test_scan_one_port_all_closed" time="0.856" timestamp="2020-12-01T11:15:07"/>
	<testcase classname="scan_utils_tests.TestScanUtils" name="test_scan_one_port_all_open" time="0.923" timestamp="2020-12-01T11:15:08"/>
</testsuite>
