<?xml version="1.0" encoding="UTF-8"?>
<testsuite errors="0" failures="0" file="scan_utils_tests.py" name="scan_utils_tests.TestScanUtils-20201201111413" skipped="0" tests="5" time="6.728" timestamp="2020-12-01T11:14:21">
	<testcase classname="scan_utils_tests.TestScanUtils" name="test_scan_many_ports_all_closed" time="1.817" timestamp="2020-12-01T11:14:16"/>
	<testcase classname="scan_utils_tests.TestScanUtils" name="test_scan_many_ports_all_open" time="1.194" timestamp="2020-12-01T11:14:17"/>
	<testcase classname="scan_utils_tests.TestScanUtils" name="test_scan_many_ports_some_open" time="1.866" timestamp="2020-12-01T11:14:19"/>
	<testcase classname="scan_utils_tests.TestScanUtils" name="test_scan_one_port_all_closed" time="0.889" timestamp="2020-12-01T11:14:20"/>
	<testcase classname="scan_utils_tests.TestScanUtils" name="test_scan_one_port_all_open" time="0.962" timestamp="2020-12-01T11:14:21"/>
</testsuite>
