<?xml version="1.0" encoding="UTF-8"?>
<testsuite errors="0" failures="0" file="scan_utils_tests.py" name="scan_utils_tests.TestScanUtils-20201201110251" skipped="0" tests="5" time="6.480" timestamp="2020-12-01T11:02:58">
	<testcase classname="scan_utils_tests.TestScanUtils" name="test_scan_many_ports_all_closed" time="1.769" timestamp="2020-12-01T11:02:54"/>
	<testcase classname="scan_utils_tests.TestScanUtils" name="test_scan_many_ports_all_open" time="1.179" timestamp="2020-12-01T11:02:55"/>
	<testcase classname="scan_utils_tests.TestScanUtils" name="test_scan_many_ports_some_open" time="1.799" timestamp="2020-12-01T11:02:57"/>
	<testcase classname="scan_utils_tests.TestScanUtils" name="test_scan_one_port_all_closed" time="0.874" timestamp="2020-12-01T11:02:58"/>
	<testcase classname="scan_utils_tests.TestScanUtils" name="test_scan_one_port_all_open" time="0.860" timestamp="2020-12-01T11:02:58"/>
</testsuite>
