<?xml version="1.0" encoding="UTF-8"?>
<testsuite errors="0" failures="0" file="scan_utils_tests.py" name="scan_utils_tests.TestScanUtils-20201201101705" skipped="0" tests="5" time="6.309" timestamp="2020-12-01T10:17:12">
	<testcase classname="scan_utils_tests.TestScanUtils" name="test_scan_many_ports_all_closed" time="1.650" timestamp="2020-12-01T10:17:08"/>
	<testcase classname="scan_utils_tests.TestScanUtils" name="test_scan_many_ports_all_open" time="1.093" timestamp="2020-12-01T10:17:09"/>
	<testcase classname="scan_utils_tests.TestScanUtils" name="test_scan_many_ports_some_open" time="1.829" timestamp="2020-12-01T10:17:11"/>
	<testcase classname="scan_utils_tests.TestScanUtils" name="test_scan_one_port_all_closed" time="0.870" timestamp="2020-12-01T10:17:11"/>
	<testcase classname="scan_utils_tests.TestScanUtils" name="test_scan_one_port_all_open" time="0.867" timestamp="2020-12-01T10:17:12"/>
</testsuite>
