<?xml version="1.0" encoding="UTF-8"?>
<testsuite errors="0" failures="0" file="scan_utils_tests.py" name="scan_utils_tests.TestScanUtils-20201201123623" skipped="0" tests="5" time="7.117" timestamp="2020-12-01T12:36:32">
	<testcase classname="scan_utils_tests.TestScanUtils" name="test_scan_many_ports_all_closed" time="1.990" timestamp="2020-12-01T12:36:27"/>
	<testcase classname="scan_utils_tests.TestScanUtils" name="test_scan_many_ports_all_open" time="1.305" timestamp="2020-12-01T12:36:28"/>
	<testcase classname="scan_utils_tests.TestScanUtils" name="test_scan_many_ports_some_open" time="1.921" timestamp="2020-12-01T12:36:30"/>
	<testcase classname="scan_utils_tests.TestScanUtils" name="test_scan_one_port_all_closed" time="0.935" timestamp="2020-12-01T12:36:31"/>
	<testcase classname="scan_utils_tests.TestScanUtils" name="test_scan_one_port_all_open" time="0.967" timestamp="2020-12-01T12:36:32"/>
</testsuite>
