<?xml version="1.0" encoding="UTF-8"?>
<testsuite errors="0" failures="0" file="scan_utils_tests.py" name="scan_utils_tests.TestScanUtils-20201201102932" skipped="0" tests="5" time="5.739" timestamp="2020-12-01T10:29:39">
	<testcase classname="scan_utils_tests.TestScanUtils" name="test_scan_many_ports_all_closed" time="1.572" timestamp="2020-12-01T10:29:34"/>
	<testcase classname="scan_utils_tests.TestScanUtils" name="test_scan_many_ports_all_open" time="1.055" timestamp="2020-12-01T10:29:35"/>
	<testcase classname="scan_utils_tests.TestScanUtils" name="test_scan_many_ports_some_open" time="1.534" timestamp="2020-12-01T10:29:37"/>
	<testcase classname="scan_utils_tests.TestScanUtils" name="test_scan_one_port_all_closed" time="0.785" timestamp="2020-12-01T10:29:38"/>
	<testcase classname="scan_utils_tests.TestScanUtils" name="test_scan_one_port_all_open" time="0.793" timestamp="2020-12-01T10:29:39"/>
</testsuite>
