<?xml version="1.0" encoding="UTF-8"?>
<testsuite errors="0" failures="0" file="scan_utils_tests.py" name="scan_utils_tests.TestScanUtils-20201201101658" skipped="0" tests="5" time="6.129" timestamp="2020-12-01T10:17:05">
	<testcase classname="scan_utils_tests.TestScanUtils" name="test_scan_many_ports_all_closed" time="1.688" timestamp="2020-12-01T10:17:00"/>
	<testcase classname="scan_utils_tests.TestScanUtils" name="test_scan_many_ports_all_open" time="1.120" timestamp="2020-12-01T10:17:02"/>
	<testcase classname="scan_utils_tests.TestScanUtils" name="test_scan_many_ports_some_open" time="1.691" timestamp="2020-12-01T10:17:03"/>
	<testcase classname="scan_utils_tests.TestScanUtils" name="test_scan_one_port_all_closed" time="0.814" timestamp="2020-12-01T10:17:04"/>
	<testcase classname="scan_utils_tests.TestScanUtils" name="test_scan_one_port_all_open" time="0.816" timestamp="2020-12-01T10:17:05"/>
</testsuite>
