<?xml version="1.0" encoding="UTF-8"?>
<testsuite errors="0" failures="0" file="port_scanner_tests.py" name="port_scanner_tests.TestScan-20201031085404" skipped="0" tests="1" time="0.004" timestamp="2020-10-31T08:54:04">
	<testcase classname="port_scanner_tests.TestScan" name="test_scan_one_closed_port" time="0.004" timestamp="2020-10-31T08:54:04"/>
</testsuite>
