<?xml version="1.0" encoding="UTF-8"?>
<testsuite errors="0" failures="0" file="scan_utils_tests.py" name="scan_utils_tests.TestCheckOpenPort-20201130184629" skipped="0" tests="2" time="0.545" timestamp="2020-11-30T18:46:30">
	<testcase classname="scan_utils_tests.TestCheckOpenPort" name="test_check_closed_port" time="0.277" timestamp="2020-11-30T18:46:30"/>
	<testcase classname="scan_utils_tests.TestCheckOpenPort" name="test_check_open_port" time="0.267" timestamp="2020-11-30T18:46:30"/>
</testsuite>
