<?xml version="1.0" encoding="UTF-8"?>
<testsuite errors="0" failures="0" file="scan_utils_tests.py" name="scan_utils_tests.TestScanUtils-20201130192157" skipped="0" tests="5" time="5.673" timestamp="2020-11-30T19:22:04">
	<testcase classname="scan_utils_tests.TestScanUtils" name="test_scan_many_ports_all_closed" time="1.531" timestamp="2020-11-30T19:21:59"/>
	<testcase classname="scan_utils_tests.TestScanUtils" name="test_scan_many_ports_all_open" time="1.056" timestamp="2020-11-30T19:22:00"/>
	<testcase classname="scan_utils_tests.TestScanUtils" name="test_scan_many_ports_some_open" time="1.517" timestamp="2020-11-30T19:22:02"/>
	<testcase classname="scan_utils_tests.TestScanUtils" name="test_scan_one_port_all_closed" time="0.786" timestamp="2020-11-30T19:22:03"/>
	<testcase classname="scan_utils_tests.TestScanUtils" name="test_scan_one_port_all_open" time="0.784" timestamp="2020-11-30T19:22:04"/>
</testsuite>
