<?xml version="1.0" encoding="UTF-8"?>
<testsuite errors="0" failures="0" file="scan_utils_tests.py" name="scan_utils_tests.TestScanUtils-20201201123507" skipped="0" tests="5" time="6.555" timestamp="2020-12-01T12:35:14">
	<testcase classname="scan_utils_tests.TestScanUtils" name="test_scan_many_ports_all_closed" time="1.780" timestamp="2020-12-01T12:35:09"/>
	<testcase classname="scan_utils_tests.TestScanUtils" name="test_scan_many_ports_all_open" time="1.194" timestamp="2020-12-01T12:35:10"/>
	<testcase classname="scan_utils_tests.TestScanUtils" name="test_scan_many_ports_some_open" time="1.805" timestamp="2020-12-01T12:35:12"/>
	<testcase classname="scan_utils_tests.TestScanUtils" name="test_scan_one_port_all_closed" time="0.884" timestamp="2020-12-01T12:35:13"/>
	<testcase classname="scan_utils_tests.TestScanUtils" name="test_scan_one_port_all_open" time="0.892" timestamp="2020-12-01T12:35:14"/>
</testsuite>
