<?xml version="1.0" encoding="UTF-8"?>
<testsuite errors="0" failures="0" file="scan_utils_tests.py" name="scan_utils_tests.TestScanUtils-20201201123148" skipped="0" tests="5" time="6.513" timestamp="2020-12-01T12:31:55">
	<testcase classname="scan_utils_tests.TestScanUtils" name="test_scan_many_ports_all_closed" time="1.800" timestamp="2020-12-01T12:31:51"/>
	<testcase classname="scan_utils_tests.TestScanUtils" name="test_scan_many_ports_all_open" time="1.172" timestamp="2020-12-01T12:31:52"/>
	<testcase classname="scan_utils_tests.TestScanUtils" name="test_scan_many_ports_some_open" time="1.745" timestamp="2020-12-01T12:31:54"/>
	<testcase classname="scan_utils_tests.TestScanUtils" name="test_scan_one_port_all_closed" time="0.939" timestamp="2020-12-01T12:31:54"/>
	<testcase classname="scan_utils_tests.TestScanUtils" name="test_scan_one_port_all_open" time="0.858" timestamp="2020-12-01T12:31:55"/>
</testsuite>
