<?xml version="1.0" encoding="UTF-8"?>
<testsuite errors="0" failures="0" file="port_scanner_tests.py" name="port_scanner_tests.TestScan-20201026235042" skipped="0" tests="2" time="0.003" timestamp="2020-10-26T23:50:43">
	<testcase classname="port_scanner_tests.TestScan" name="test_ip_address_of_none" time="0.001" timestamp="2020-10-26T23:50:43"/>
	<testcase classname="port_scanner_tests.TestScan" name="test_start_port_of_none" time="0.001" timestamp="2020-10-26T23:50:43"/>
</testsuite>
