<?xml version="1.0" encoding="UTF-8"?>
<testsuite errors="0" failures="0" file="scan_utils_tests.py" name="scan_utils_tests.TestScanUtils-20201201125314" skipped="0" tests="5" time="6.218" timestamp="2020-12-01T12:53:22">
	<testcase classname="scan_utils_tests.TestScanUtils" name="test_scan_many_ports_all_closed" time="1.681" timestamp="2020-12-01T12:53:17"/>
	<testcase classname="scan_utils_tests.TestScanUtils" name="test_scan_many_ports_all_open" time="1.143" timestamp="2020-12-01T12:53:18"/>
	<testcase classname="scan_utils_tests.TestScanUtils" name="test_scan_many_ports_some_open" time="1.668" timestamp="2020-12-01T12:53:20"/>
	<testcase classname="scan_utils_tests.TestScanUtils" name="test_scan_one_port_all_closed" time="0.849" timestamp="2020-12-01T12:53:21"/>
	<testcase classname="scan_utils_tests.TestScanUtils" name="test_scan_one_port_all_open" time="0.877" timestamp="2020-12-01T12:53:22"/>
</testsuite>
