<?xml version="1.0" encoding="UTF-8"?>
<testsuite errors="0" failures="0" file="scan_utils_tests.py" name="scan_utils_tests.TestCheckOpenPort-20201130182002" skipped="0" tests="1" time="0.002" timestamp="2020-11-30T18:20:03">
	<testcase classname="scan_utils_tests.TestCheckOpenPort" name="test_check_closed_port" time="0.002" timestamp="2020-11-30T18:20:03"/>
</testsuite>
