<?xml version="1.0" encoding="UTF-8"?>
<testsuite errors="0" failures="0" file="port_scanner_tests.py" name="port_scanner_tests.TestScan-20201026234309" skipped="0" tests="1" time="0.001" timestamp="2020-10-26T23:43:10">
	<testcase classname="port_scanner_tests.TestScan" name="testNoIPAddress" time="0.001" timestamp="2020-10-26T23:43:10"/>
</testsuite>
