<?xml version="1.0" encoding="UTF-8"?>
<testsuite errors="0" failures="0" file="scan_utils_tests.py" name="scan_utils_tests.TestScanUtils-20201201121309" skipped="0" tests="5" time="6.750" timestamp="2020-12-01T12:13:24">
	<testcase classname="scan_utils_tests.TestScanUtils" name="test_scan_many_ports_all_closed" time="1.860" timestamp="2020-12-01T12:13:19"/>
	<testcase classname="scan_utils_tests.TestScanUtils" name="test_scan_many_ports_all_open" time="1.245" timestamp="2020-12-01T12:13:20"/>
	<testcase classname="scan_utils_tests.TestScanUtils" name="test_scan_many_ports_some_open" time="1.851" timestamp="2020-12-01T12:13:22"/>
	<testcase classname="scan_utils_tests.TestScanUtils" name="test_scan_one_port_all_closed" time="0.870" timestamp="2020-12-01T12:13:23"/>
	<testcase classname="scan_utils_tests.TestScanUtils" name="test_scan_one_port_all_open" time="0.924" timestamp="2020-12-01T12:13:24"/>
</testsuite>
