<?xml version="1.0" encoding="UTF-8"?>
<testsuite errors="0" failures="0" file="scan_utils_tests.py" name="scan_utils_tests.TestScanUtils-20201201111453" skipped="0" tests="5" time="6.592" timestamp="2020-12-01T11:15:00">
	<testcase classname="scan_utils_tests.TestScanUtils" name="test_scan_many_ports_all_closed" time="1.771" timestamp="2020-12-01T11:14:55"/>
	<testcase classname="scan_utils_tests.TestScanUtils" name="test_scan_many_ports_all_open" time="1.174" timestamp="2020-12-01T11:14:57"/>
	<testcase classname="scan_utils_tests.TestScanUtils" name="test_scan_many_ports_some_open" time="1.795" timestamp="2020-12-01T11:14:58"/>
	<testcase classname="scan_utils_tests.TestScanUtils" name="test_scan_one_port_all_closed" time="0.966" timestamp="2020-12-01T11:14:59"/>
	<testcase classname="scan_utils_tests.TestScanUtils" name="test_scan_one_port_all_open" time="0.886" timestamp="2020-12-01T11:15:00"/>
</testsuite>
