<?xml version="1.0" encoding="UTF-8"?>
<testsuite errors="0" failures="0" file="scan_utils_tests.py" name="scan_utils_tests.TestScanUtils-20201201123239" skipped="0" tests="5" time="6.587" timestamp="2020-12-01T12:32:47">
	<testcase classname="scan_utils_tests.TestScanUtils" name="test_scan_many_ports_all_closed" time="1.817" timestamp="2020-12-01T12:32:42"/>
	<testcase classname="scan_utils_tests.TestScanUtils" name="test_scan_many_ports_all_open" time="1.200" timestamp="2020-12-01T12:32:43"/>
	<testcase classname="scan_utils_tests.TestScanUtils" name="test_scan_many_ports_some_open" time="1.818" timestamp="2020-12-01T12:32:45"/>
	<testcase classname="scan_utils_tests.TestScanUtils" name="test_scan_one_port_all_closed" time="0.874" timestamp="2020-12-01T12:32:46"/>
	<testcase classname="scan_utils_tests.TestScanUtils" name="test_scan_one_port_all_open" time="0.879" timestamp="2020-12-01T12:32:47"/>
</testsuite>
