<?xml version="1.0" encoding="UTF-8"?>
<testsuite errors="0" failures="0" file="scan_utils_tests.py" name="scan_utils_tests.TestScanUtils-20201201110243" skipped="0" tests="5" time="6.447" timestamp="2020-12-01T11:02:51">
	<testcase classname="scan_utils_tests.TestScanUtils" name="test_scan_many_ports_all_closed" time="1.766" timestamp="2020-12-01T11:02:46"/>
	<testcase classname="scan_utils_tests.TestScanUtils" name="test_scan_many_ports_all_open" time="1.184" timestamp="2020-12-01T11:02:47"/>
	<testcase classname="scan_utils_tests.TestScanUtils" name="test_scan_many_ports_some_open" time="1.776" timestamp="2020-12-01T11:02:49"/>
	<testcase classname="scan_utils_tests.TestScanUtils" name="test_scan_one_port_all_closed" time="0.867" timestamp="2020-12-01T11:02:50"/>
	<testcase classname="scan_utils_tests.TestScanUtils" name="test_scan_one_port_all_open" time="0.852" timestamp="2020-12-01T11:02:51"/>
</testsuite>
