<?xml version="1.0" encoding="UTF-8"?>
<testsuite errors="0" failures="0" file="scan_utils_tests.py" name="scan_utils_tests.TestScanUtils-20201201102829" skipped="0" tests="5" time="5.597" timestamp="2020-12-01T10:28:36">
	<testcase classname="scan_utils_tests.TestScanUtils" name="test_scan_many_ports_all_closed" time="1.492" timestamp="2020-12-01T10:28:32"/>
	<testcase classname="scan_utils_tests.TestScanUtils" name="test_scan_many_ports_all_open" time="1.013" timestamp="2020-12-01T10:28:33"/>
	<testcase classname="scan_utils_tests.TestScanUtils" name="test_scan_many_ports_some_open" time="1.521" timestamp="2020-12-01T10:28:34"/>
	<testcase classname="scan_utils_tests.TestScanUtils" name="test_scan_one_port_all_closed" time="0.792" timestamp="2020-12-01T10:28:35"/>
	<testcase classname="scan_utils_tests.TestScanUtils" name="test_scan_one_port_all_open" time="0.779" timestamp="2020-12-01T10:28:36"/>
</testsuite>
