<?xml version="1.0" encoding="UTF-8"?>
<testsuite errors="0" failures="0" file="scan_utils_tests.py" name="scan_utils_tests.TestScanUtils-20201130192204" skipped="0" tests="5" time="5.618" timestamp="2020-11-30T19:22:10">
	<testcase classname="scan_utils_tests.TestScanUtils" name="test_scan_many_ports_all_closed" time="1.525" timestamp="2020-11-30T19:22:06"/>
	<testcase classname="scan_utils_tests.TestScanUtils" name="test_scan_many_ports_all_open" time="1.029" timestamp="2020-11-30T19:22:07"/>
	<testcase classname="scan_utils_tests.TestScanUtils" name="test_scan_many_ports_some_open" time="1.508" timestamp="2020-11-30T19:22:09"/>
	<testcase classname="scan_utils_tests.TestScanUtils" name="test_scan_one_port_all_closed" time="0.778" timestamp="2020-11-30T19:22:09"/>
	<testcase classname="scan_utils_tests.TestScanUtils" name="test_scan_one_port_all_open" time="0.779" timestamp="2020-11-30T19:22:10"/>
</testsuite>
