<?xml version="1.0" encoding="UTF-8"?>
<testsuite errors="0" failures="0" file="scan_utils_tests.py" name="scan_utils_tests.TestScanUtils-20201201103050" skipped="0" tests="5" time="5.798" timestamp="2020-12-01T10:30:56">
	<testcase classname="scan_utils_tests.TestScanUtils" name="test_scan_many_ports_all_closed" time="1.573" timestamp="2020-12-01T10:30:52"/>
	<testcase classname="scan_utils_tests.TestScanUtils" name="test_scan_many_ports_all_open" time="1.052" timestamp="2020-12-01T10:30:53"/>
	<testcase classname="scan_utils_tests.TestScanUtils" name="test_scan_many_ports_some_open" time="1.504" timestamp="2020-12-01T10:30:55"/>
	<testcase classname="scan_utils_tests.TestScanUtils" name="test_scan_one_port_all_closed" time="0.828" timestamp="2020-12-01T10:30:56"/>
	<testcase classname="scan_utils_tests.TestScanUtils" name="test_scan_one_port_all_open" time="0.842" timestamp="2020-12-01T10:30:56"/>
</testsuite>
