<?xml version="1.0" encoding="UTF-8"?>
<testsuite errors="0" failures="0" file="scan_utils_tests.py" name="scan_utils_tests.TestCheckOpenPort-20201201110643" skipped="0" tests="2" time="0.614" timestamp="2020-12-01T11:06:44">
	<testcase classname="scan_utils_tests.TestCheckOpenPort" name="test_check_closed_port" time="0.310" timestamp="2020-12-01T11:06:44"/>
	<testcase classname="scan_utils_tests.TestCheckOpenPort" name="test_check_open_port" time="0.305" timestamp="2020-12-01T11:06:44"/>
</testsuite>
