<?xml version="1.0" encoding="UTF-8"?>
<testsuite errors="0" failures="0" file="scan_utils_tests.py" name="scan_utils_tests.TestScanUtils-20201201110954" skipped="0" tests="5" time="6.526" timestamp="2020-12-01T11:10:01">
	<testcase classname="scan_utils_tests.TestScanUtils" name="test_scan_many_ports_all_closed" time="1.794" timestamp="2020-12-01T11:09:57"/>
	<testcase classname="scan_utils_tests.TestScanUtils" name="test_scan_many_ports_all_open" time="1.193" timestamp="2020-12-01T11:09:58"/>
	<testcase classname="scan_utils_tests.TestScanUtils" name="test_scan_many_ports_some_open" time="1.773" timestamp="2020-12-01T11:10:00"/>
	<testcase classname="scan_utils_tests.TestScanUtils" name="test_scan_one_port_all_closed" time="0.863" timestamp="2020-12-01T11:10:01"/>
	<testcase classname="scan_utils_tests.TestScanUtils" name="test_scan_one_port_all_open" time="0.904" timestamp="2020-12-01T11:10:01"/>
</testsuite>
