<?xml version="1.0" encoding="UTF-8"?>
<testsuite errors="0" failures="0" file="scan_utils_tests.py" name="scan_utils_tests.TestCheckOpenPort-20201201111453" skipped="0" tests="2" time="0.618" timestamp="2020-12-01T11:14:54">
	<testcase classname="scan_utils_tests.TestCheckOpenPort" name="test_check_closed_port" time="0.306" timestamp="2020-12-01T11:14:53"/>
	<testcase classname="scan_utils_tests.TestCheckOpenPort" name="test_check_open_port" time="0.311" timestamp="2020-12-01T11:14:54"/>
</testsuite>
