<?xml version="1.0" encoding="UTF-8"?>
<testsuite errors="0" failures="0" file="scan_utils_tests.py" name="scan_utils_tests.TestScanUtils-20201201111406" skipped="0" tests="5" time="6.589" timestamp="2020-12-01T11:14:13">
	<testcase classname="scan_utils_tests.TestScanUtils" name="test_scan_many_ports_all_closed" time="1.822" timestamp="2020-12-01T11:14:08"/>
	<testcase classname="scan_utils_tests.TestScanUtils" name="test_scan_many_ports_all_open" time="1.196" timestamp="2020-12-01T11:14:10"/>
	<testcase classname="scan_utils_tests.TestScanUtils" name="test_scan_many_ports_some_open" time="1.827" timestamp="2020-12-01T11:14:11"/>
	<testcase classname="scan_utils_tests.TestScanUtils" name="test_scan_one_port_all_closed" time="0.879" timestamp="2020-12-01T11:14:12"/>
	<testcase classname="scan_utils_tests.TestScanUtils" name="test_scan_one_port_all_open" time="0.865" timestamp="2020-12-01T11:14:13"/>
</testsuite>
