<?xml version="1.0" encoding="UTF-8"?>
<testsuite errors="0" failures="0" file="scan_utils_tests.py" name="scan_utils_tests.TestHandleScanConnection-20201201121309" skipped="0" tests="5" time="6.748" timestamp="2020-12-01T12:13:17">
	<testcase classname="scan_utils_tests.TestHandleScanConnection" name="test_scan_many_closed_ports" time="1.849" timestamp="2020-12-01T12:13:12"/>
	<testcase classname="scan_utils_tests.TestHandleScanConnection" name="test_scan_many_open_ports" time="1.231" timestamp="2020-12-01T12:13:13"/>
	<testcase classname="scan_utils_tests.TestHandleScanConnection" name="test_scan_one_closed_port" time="0.895" timestamp="2020-12-01T12:13:14"/>
	<testcase classname="scan_utils_tests.TestHandleScanConnection" name="test_scan_one_open_port" time="0.907" timestamp="2020-12-01T12:13:15"/>
	<testcase classname="scan_utils_tests.TestHandleScanConnection" name="test_scan_some_open_ports" time="1.865" timestamp="2020-12-01T12:13:17"/>
</testsuite>
