<?xml version="1.0" encoding="UTF-8"?>
<testsuite errors="0" failures="0" file="scan_utils_tests.py" name="scan_utils_tests.TestCheckOpenPort-20201201123514" skipped="0" tests="2" time="0.622" timestamp="2020-12-01T12:35:15">
	<testcase classname="scan_utils_tests.TestCheckOpenPort" name="test_check_closed_port" time="0.333" timestamp="2020-12-01T12:35:15"/>
	<testcase classname="scan_utils_tests.TestCheckOpenPort" name="test_check_open_port" time="0.289" timestamp="2020-12-01T12:35:15"/>
</testsuite>
