<?xml version="1.0" encoding="UTF-8"?>
<testsuite errors="0" failures="0" file="scan_utils_tests.py" name="scan_utils_tests.TestCheckOpenPort-20201201121309" skipped="0" tests="2" time="0.599" timestamp="2020-12-01T12:13:10">
	<testcase classname="scan_utils_tests.TestCheckOpenPort" name="test_check_closed_port" time="0.308" timestamp="2020-12-01T12:13:10"/>
	<testcase classname="scan_utils_tests.TestCheckOpenPort" name="test_check_open_port" time="0.291" timestamp="2020-12-01T12:13:10"/>
</testsuite>
