<?xml version="1.0" encoding="UTF-8"?>
<testsuite errors="0" failures="0" file="scan_utils_tests.py" name="scan_utils_tests.TestScanUtils-20201201112254" skipped="0" tests="5" time="5.749" timestamp="2020-12-01T11:23:01">
	<testcase classname="scan_utils_tests.TestScanUtils" name="test_scan_many_ports_all_closed" time="1.559" timestamp="2020-12-01T11:22:56"/>
	<testcase classname="scan_utils_tests.TestScanUtils" name="test_scan_many_ports_all_open" time="1.028" timestamp="2020-12-01T11:22:57"/>
	<testcase classname="scan_utils_tests.TestScanUtils" name="test_scan_many_ports_some_open" time="1.568" timestamp="2020-12-01T11:22:59"/>
	<testcase classname="scan_utils_tests.TestScanUtils" name="test_scan_one_port_all_closed" time="0.800" timestamp="2020-12-01T11:23:00"/>
	<testcase classname="scan_utils_tests.TestScanUtils" name="test_scan_one_port_all_open" time="0.795" timestamp="2020-12-01T11:23:01"/>
</testsuite>
