<?xml version="1.0" encoding="UTF-8"?>
<testsuite errors="0" failures="0" file="port_scanner_tests.py" name="port_scanner_tests.TestScan-20201030161458" skipped="0" tests="1" time="0.002" timestamp="2020-10-30T16:14:58">
	<testcase classname="port_scanner_tests.TestScan" name="test" time="0.002" timestamp="2020-10-30T16:14:58"/>
</testsuite>
