<?xml version="1.0" encoding="UTF-8"?>
<testsuite errors="0" failures="0" file="scan_utils_tests.py" name="scan_utils_tests.TestScanUtils-20201201102823" skipped="0" tests="5" time="5.624" timestamp="2020-12-01T10:28:29">
	<testcase classname="scan_utils_tests.TestScanUtils" name="test_scan_many_ports_all_closed" time="1.506" timestamp="2020-12-01T10:28:25"/>
	<testcase classname="scan_utils_tests.TestScanUtils" name="test_scan_many_ports_all_open" time="1.006" timestamp="2020-12-01T10:28:26"/>
	<testcase classname="scan_utils_tests.TestScanUtils" name="test_scan_many_ports_some_open" time="1.545" timestamp="2020-12-01T10:28:28"/>
	<testcase classname="scan_utils_tests.TestScanUtils" name="test_scan_one_port_all_closed" time="0.784" timestamp="2020-12-01T10:28:28"/>
	<testcase classname="scan_utils_tests.TestScanUtils" name="test_scan_one_port_all_open" time="0.783" timestamp="2020-12-01T10:28:29"/>
</testsuite>
