<?xml version="1.0" encoding="UTF-8"?>
<testsuite errors="0" failures="0" file="scan_utils_tests.py" name="scan_utils_tests.TestScanUtils-20201201095004" skipped="0" tests="5" time="5.581" timestamp="2020-12-01T09:50:10">
	<testcase classname="scan_utils_tests.TestScanUtils" name="test_scan_many_ports_all_closed" time="1.507" timestamp="2020-12-01T09:50:06"/>
	<testcase classname="scan_utils_tests.TestScanUtils" name="test_scan_many_ports_all_open" time="0.993" timestamp="2020-12-01T09:50:07"/>
	<testcase classname="scan_utils_tests.TestScanUtils" name="test_scan_many_ports_some_open" time="1.513" timestamp="2020-12-01T09:50:09"/>
	<testcase classname="scan_utils_tests.TestScanUtils" name="test_scan_one_port_all_closed" time="0.781" timestamp="2020-12-01T09:50:09"/>
	<testcase classname="scan_utils_tests.TestScanUtils" name="test_scan_one_port_all_open" time="0.786" timestamp="2020-12-01T09:50:10"/>
</testsuite>
