<?xml version="1.0" encoding="UTF-8"?>
<testsuite errors="0" failures="0" file="scan_utils_tests.py" name="scan_utils_tests.TestScanUtils-20201201122807" skipped="0" tests="5" time="6.602" timestamp="2020-12-01T12:28:23">
	<testcase classname="scan_utils_tests.TestScanUtils" name="test_scan_many_ports_all_closed" time="1.790" timestamp="2020-12-01T12:28:18"/>
	<testcase classname="scan_utils_tests.TestScanUtils" name="test_scan_many_ports_all_open" time="1.175" timestamp="2020-12-01T12:28:19"/>
	<testcase classname="scan_utils_tests.TestScanUtils" name="test_scan_many_ports_some_open" time="1.839" timestamp="2020-12-01T12:28:21"/>
	<testcase classname="scan_utils_tests.TestScanUtils" name="test_scan_one_port_all_closed" time="0.935" timestamp="2020-12-01T12:28:22"/>
	<testcase classname="scan_utils_tests.TestScanUtils" name="test_scan_one_port_all_open" time="0.863" timestamp="2020-12-01T12:28:23"/>
</testsuite>
